May 12 12:17:38 Users-MacBook-Pro-2 WindowServer[178]: _CGXUnregisterWindowWithSystemStatusBar: Invalid window (38932)
May 12 12:17:48 --- last message repeated 7 times ---
May 12 12:17:48 Users-MacBook-Pro-2 WindowServer[178]: send_datagram_available_ping: pid 500 failed to act on a ping it dequeued before timing out.
May 12 12:17:49 Users-MacBook-Pro-2 WindowServer[178]: _CGXUnregisterWindowWithSystemStatusBar: Invalid window (38932)
May 12 12:17:58 --- last message repeated 7 times ---
May 12 12:17:58 Users-MacBook-Pro-2 WindowServer[178]: send_datagram_available_ping: pid 500 failed to act on a ping it dequeued before timing out.
May 12 12:17:59 Users-MacBook-Pro-2 WindowServer[178]: _CGXUnregisterWindowWithSystemStatusBar: Invalid window (38932)
May 12 12:18:11 --- last message repeated 14 times ---
May 12 12:18:11 Users-MacBook-Pro-2 WindowServer[178]: send_datagram_available_ping: pid 500 failed to act on a ping it dequeued before timing out.
May 12 12:18:11 Users-MacBook-Pro-2 WindowServer[178]: _CGXUnregisterWindowWithSystemStatusBar: Invalid window (38932)
May 12 12:18:25 --- last message repeated 12 times ---
May 12 12:18:25 Users-MacBook-Pro-2 WindowServer[178]: send_datagram_available_ping: pid 500 failed to act on a ping it dequeued before timing out.
May 12 12:18:25 Users-MacBook-Pro-2 WindowServer[178]: _CGXUnregisterWindowWithSystemStatusBar: Invalid window (38932)
May 12 12:18:41 --- last message repeated 5 times ---
May 12 12:18:41 Users-MacBook-Pro-2 WindowServer[178]: send_datagram_available_ping: pid 500 failed to act on a ping it dequeued before timing out.
May 12 12:18:43 Users-MacBook-Pro-2 WindowServer[178]: _CGXUnregisterWindowWithSystemStatusBar: Invalid window (38932)
May 12 12:18:53 --- last message repeated 8 times ---
May 12 12:18:53 Users-MacBook-Pro-2 WindowServer[178]: send_datagram_available_ping: pid 500 failed to act on a ping it dequeued before timing out.
May 12 12:18:54 Users-MacBook-Pro-2 WindowServer[178]: _CGXUnregisterWindowWithSystemStatusBar: Invalid window (38932)
May 12 12:18:58 --- last message repeated 3 times ---
May 12 12:18:58 Users-MacBook-Pro-2 iTerm2[87039]: Time to encode state for window <PseudoTerminal: 0x7fa4086f8700 tabs=1 window=<PTYWindow: 0x7fa40a8e1f40 frame=NSRect: {{-129, 1050}, {1920, 1080}} title=2. fish  /Users/user/dev/sec/watcher (fish) alpha=1.000000 isMain=0 isKey=0 isVisible=1 delegate=0x7fa4086f8700>>: 0.002167999744415283
May 12 12:18:58 Users-MacBook-Pro-2 WindowServer[178]: _CGXUnregisterWindowWithSystemStatusBar: Invalid window (38932)
May 12 12:19:06 --- last message repeated 10 times ---
May 12 12:19:06 Users-MacBook-Pro-2 WindowServer[178]: send_datagram_available_ping: pid 500 failed to act on a ping it dequeued before timing out.
May 12 12:19:07 Users-MacBook-Pro-2 WindowServer[178]: _CGXUnregisterWindowWithSystemStatusBar: Invalid window (38932)
May 12 12:19:20 --- last message repeated 12 times ---
May 12 12:19:20 Users-MacBook-Pro-2 WindowServer[178]: send_datagram_available_ping: pid 500 failed to act on a ping it dequeued before timing out.
May 12 12:19:21 Users-MacBook-Pro-2 WindowServer[178]: _CGXUnregisterWindowWithSystemStatusBar: Invalid window (38932)
May 12 12:19:41 --- last message repeated 9 times ---
May 12 12:19:41 Users-MacBook-Pro-2 iTerm2[87039]: Time to encode state for window <PseudoTerminal: 0x7fa4086f8700 tabs=1 window=<PTYWindow: 0x7fa40a8e1f40 frame=NSRect: {{-129, 1050}, {1920, 1080}} title=2. iced  /Users/user/dev/sec/watcher (node) alpha=1.000000 isMain=1 isKey=1 isVisible=1 delegate=0x7fa4086f8700>>: 0.001235008239746094
May 12 12:19:41 Users-MacBook-Pro-2 WindowServer[178]: _CGXUnregisterWindowWithSystemStatusBar: Invalid window (38932)
May 12 12:19:42 Users-MacBook-Pro-2 WindowServer[178]: send_datagram_available_ping: pid 500 failed to act on a ping it dequeued before timing out.
May 12 12:19:43 Users-MacBook-Pro-2 WindowServer[178]: _CGXUnregisterWindowWithSystemStatusBar: Invalid window (38932)
May 12 12:19:53 --- last message repeated 8 times ---
May 12 12:19:53 Users-MacBook-Pro-2 WindowServer[178]: send_datagram_available_ping: pid 500 failed to act on a ping it dequeued before timing out.
May 12 12:19:54 Users-MacBook-Pro-2 WindowServer[178]: _CGXUnregisterWindowWithSystemStatusBar: Invalid window (38932)
May 12 12:19:54 Users-MacBook-Pro-2 WindowServer[178]: _CGXUnregisterWindowWithSystemStatusBar: Invalid window (38932)
ss
